MPASM  5.42                      TEMPLATE.ASM   10-17-2018  11:57:24         PAGE  1


LOC  OBJECT CODE     LINE SOURCE TEXT
  VALUE

                      00001 ;**************************************************
                      00002 ;*** Struttura base programma con la PIC 16F84 ***
                      00003 ;***                                            ***
                      00004 ;    [Programma assoluto]
                      00005 ;
                      00006 ; (c) 2018, Michele Sprocatti
                      00007 ;
                      00008 ;**************************************************
                      00009         PROCESSOR       16F84A       ;definizione del tipo di Pic per il quale è stato scritto il progra
                            mma
                      00010         RADIX           DEC              ;i numeri scritti senza notazione sono da intendersi come decim
                            ali
                      00011         INCLUDE         "P16F84A.INC" ;inclusione del file che contiene la definizione delle costanti di
                             riferimento al file dei
                      00001         LIST
                      00002 
                      00003 ;==========================================================================
                      00004 ;  MPASM PIC16F84A processor include
                      00005 ; 
                      00006 ;  (c) Copyright 1999-2011 Microchip Technology, All rights reserved
                      00007 ;==========================================================================
                      00008 
                      00201         LIST
                      00012                                                                  ;registri (memoria Ram)
                      00013         ERRORLEVEL      -302             ;permette di escludere alcuni errori di compilazione, la  segna
                            lazione  302  ricorda  di 
                      00014                                      ;commutare il banco di memoria qualora si utilizzino registri che n
                            on stanno nel banco 0
                      00015 
                      00016 
                      00017         ;Setup of PIC configuration flags
                      00018         ;XT oscillator
                      00019         ;Disable watch dog timer
                      00020         ;Enable power up timer
                      00021         ;Disable code protect
                      00022 ;        __CONFIG        0x3FF1       ; definizione del file di configurazione
2007   3FF1           00023                 __CONFIG   _XT_OSC & _CP_OFF & _WDT_OFF &_PWRTE_ON
                      00024 
                      00025 ;=============================================================
                      00026 ;       DEFINE
                      00027 ;=============================================================
                      00028 ;Definizione comandi
                      00029 ;#define  Bank1 bsf     STATUS,RP0                        ; Attiva banco 1
                      00030 ;#define  Bank0 bcf     STATUS,RP0                ; Attiva banco 0
                      00031 ;=============================================================
                      00032 ;               SIMBOLI
                      00033 ;=============================================================
                      00034 ;LABEL  CODE    OPERANDO        COMMENTO
                      00035 ;=============================================================
  00000001            00036 LED_ON  EQU     01                                        ; Led acceso
  00000000            00037 LED_OFF EQU         00                                    ; Led spento
                      00038 ;=============================================================
                      00039 ;       AREA DATI
MPASM  5.42                      TEMPLATE.ASM   10-17-2018  11:57:24         PAGE  2


LOC  OBJECT CODE     LINE SOURCE TEXT
  VALUE

                      00040 ;=============================================================  
                      00041 ;LABEL  CODE    OPERANDO        COMMENTO
                      00042 ;=============================================================
  0000000C            00043 delayA EQU     0x0C                                       
  0000000D            00044 delayB EQU     0x0D
  0000000E            00045 delayC EQU         0x0E 
  0000000F            00046 cont   EQU     0x0F;variabile per controllo ripetizione ciclo   
  000000A0            00047 ciclo  EQU     0xA0     
  000000B0            00048 sottra EQU         0xB0
                      00049 ;=============================================================
                      00050 ;       PROGRAMMA PRINCIPALE
                      00051 ;=============================================================
                      00052 ;LABEL  CODE    OPERANDO        COMMENTO
                      00053 ;=============================================================        ;Reset Vector
                      00054         ;Start point at CPU reset
0000                  00055         ORG     0x0000                            ;     indirizzo di inizio programma
0000   2805           00056                 goto    Main
                      00057 ;=============================================================
                      00058 ;       INTERRUPT AREA
                      00059 ;=============================================================
0004                  00060                 ORG     0x0004                            ;     indirizzo inizio routine interrupt
                      00061 ;
                      00062 ;
0004   0009           00063                 retfie                                            ; ritorno programma principale
                      00064 ;=============================================================
                      00065 ;       AREA PROGRAMMA PRINCIPALE
                      00066 ;=============================================================
Warning[207]: Found label after column 1. (Main)
0005                  00067                 Main
0005   1683           00068                 Bsf STATUS,RP0
0006   0186           00069                 clrf TRISB
0007   1283           00070                 bcf STATUS, RP0
0008   0186           00071                 clrf PORTB
Warning[207]: Found label after column 1. (LOOP)
0009                  00072         LOOP
0009   3007           00073                 movlw 7;contatore per i cicli
000A   008F           00074                 movwf cont
000B   3001           00075                 movlw 1
000C   0086           00076                 movwf PORTB
Warning[207]: Found label after column 1. (Loop)
000D                  00077         Loop
000D   2023           00078                 call Delay
000E   0806           00079                 movf PORTB,0
Message[305]: Using default destination of 1 (file).
000F   0786           00080                 addwf PORTB;spsostamento led tramite somme successive
0010   0B8F           00081                 decfsz cont,1;controllo per ripetere il ciclo
0011   280D           00082         goto Loop
0012   3007           00083                 movlw 7;contatore per i cicli
0013   008F           00084                 movwf cont
Warning[207]: Found label after column 1. (loop1)
0014                  00085         loop1
0014   2023           00086                 call Delay
0015   3001           00087                 movlw 1
MPASM  5.42                      TEMPLATE.ASM   10-17-2018  11:57:24         PAGE  3


LOC  OBJECT CODE     LINE SOURCE TEXT
  VALUE

0016   00B0           00088                 movwf sottra
0017   080F           00089             movf cont,0
0018   00A0           00090                 movwf ciclo
0019   03A0           00091                 decf ciclo,1
Warning[207]: Found label after column 1. (loop2)
001A                  00092                 loop2
001A   0830           00093                         movf sottra,0
001B   07B0           00094                         addwf sottra,1
001C   0BA0           00095                 decfsz ciclo,1
001D   281A           00096                 goto loop2
001E   0830           00097                 movf sottra,0
001F   0286           00098                 subwf PORTB,1
0020   0B8F           00099                 decfsz cont,1
0021   2814           00100                 goto loop1
0022   2809           00101         goto LOOP
                      00102 ;=============================================================
                      00103 ;       AREA ROUTINE
                      00104 ;=============================================================
                      00105 ;       
Warning[207]: Found label after column 1. (Delay)
0023                  00106                 Delay
0023   018C           00107                 clrf delayA
0024   3082           00108                 movlw 130
0025   008D           00109                 movwf delayB
0026   3005           00110                 movlw 5
0027   008E           00111                 movwf delayC
0028                  00112 loop
Message[305]: Using default destination of 1 (file).
0028   0B8C           00113                 decfsz delayA
0029   2828           00114                 goto loop
Message[305]: Using default destination of 1 (file).
002A   0B8D           00115                 decfsz delayB
002B   2828           00116                 goto loop
002C   3082           00117                 movlw 130
002D   008D           00118                 movwf delayB
Message[305]: Using default destination of 1 (file).
002E   0B8E           00119                 decfsz delayC
002F   2828           00120                 goto loop
0030   0008           00121                 return
                      00122                                                                                         
                      00123         END                           ; Fine programma
MPASM  5.42                      TEMPLATE.ASM   10-17-2018  11:57:24         PAGE  4


SYMBOL TABLE
  LABEL                             VALUE 

C                                 00000000
DC                                00000001
Delay                             00000023
EEADR                             00000009
EECON1                            00000088
EECON2                            00000089
EEDATA                            00000008
EEIE                              00000006
EEIF                              00000004
F                                 00000001
FSR                               00000004
GIE                               00000007
INDF                              00000000
INTCON                            0000000B
INTE                              00000004
INTEDG                            00000006
INTF                              00000001
IRP                               00000007
LED_OFF                           00000000
LED_ON                            00000001
LOOP                              00000009
Loop                              0000000D
Main                              00000005
NOT_PD                            00000003
NOT_RBPU                          00000007
NOT_TO                            00000004
OPTION_REG                        00000081
PCL                               00000002
PCLATH                            0000000A
PORTA                             00000005
PORTB                             00000006
PS0                               00000000
PS1                               00000001
PS2                               00000002
PSA                               00000003
RA0                               00000000
RA1                               00000001
RA2                               00000002
RA3                               00000003
RA4                               00000004
RB0                               00000000
RB1                               00000001
RB2                               00000002
RB3                               00000003
RB4                               00000004
RB5                               00000005
RB6                               00000006
RB7                               00000007
RBIE                              00000003
RBIF                              00000000
RD                                00000000
RP0                               00000005
RP1                               00000006
MPASM  5.42                      TEMPLATE.ASM   10-17-2018  11:57:24         PAGE  5


SYMBOL TABLE
  LABEL                             VALUE 

STATUS                            00000003
T0CS                              00000005
T0IE                              00000005
T0IF                              00000002
T0SE                              00000004
TMR0                              00000001
TMR0IE                            00000005
TMR0IF                            00000002
TRISA                             00000085
TRISA0                            00000000
TRISA1                            00000001
TRISA2                            00000002
TRISA3                            00000003
TRISA4                            00000004
TRISB                             00000086
TRISB0                            00000000
TRISB1                            00000001
TRISB2                            00000002
TRISB3                            00000003
TRISB4                            00000004
TRISB5                            00000005
TRISB6                            00000006
TRISB7                            00000007
W                                 00000000
WR                                00000001
WREN                              00000002
WRERR                             00000003
Z                                 00000002
_CONFIG                           00002007
_CP_OFF                           00003FFF
_CP_ON                            0000000F
_DEVID1                           00002006
_HS_OSC                           00003FFE
_IDLOC0                           00002000
_IDLOC1                           00002001
_IDLOC2                           00002002
_IDLOC3                           00002003
_LP_OSC                           00003FFC
_PWRTE_OFF                        00003FFF
_PWRTE_ON                         00003FF7
_RC_OSC                           00003FFF
_WDT_OFF                          00003FFB
_WDT_ON                           00003FFF
_XT_OSC                           00003FFD
__16F84A                          00000001
__DEBUG                           1
ciclo                             000000A0
cont                              0000000F
delayA                            0000000C
delayB                            0000000D
delayC                            0000000E
loop                              00000028
loop1                             00000014
MPASM  5.42                      TEMPLATE.ASM   10-17-2018  11:57:24         PAGE  6


SYMBOL TABLE
  LABEL                             VALUE 

loop2                             0000001A
sottra                            000000B0


MEMORY USAGE MAP ('X' = Used,  '-' = Unused)

0000 : X---XXXXXXXXXXXX XXXXXXXXXXXXXXXX XXXXXXXXXXXXXXXX X---------------
2000 : -------X-------- ---------------- ---------------- ----------------

All other memory blocks unused.

Program Memory Words Used:    46
Program Memory Words Free:   978


Errors   :     0
Warnings :     6 reported,     0 suppressed
Messages :     4 reported,     8 suppressed

